ERROR [2019-09-17 00:55:52,923] main - riemann.bin - Couldn't start
clojure.lang.Compiler$CompilerException: java.io.FileNotFoundException: Could not locate cat/mew__init.class or cat/mew.clj on classpath., compiling:(/Users/james/Dropbox/src/riemann/config/riemann.config:19:1)
	at clojure.lang.Compiler.load(Compiler.java:7526)
	at clojure.lang.Compiler.loadFile(Compiler.java:7452)
	at clojure.lang.RT$3.invoke(RT.java:325)
	at riemann.config$include.invokeStatic(config.clj:450)
	at riemann.config$include.invoke(config.clj:427)
	at riemann.bin$_main$fn__7158.invoke(bin.clj:140)
	at riemann.bin$run_app_BANG_.invokeStatic(bin.clj:124)
	at riemann.bin$run_app_BANG_.invoke(bin.clj:116)
	at riemann.bin$_main.invokeStatic(bin.clj:140)
	at riemann.bin$_main.doInvoke(bin.clj:128)
	at clojure.lang.RestFn.invoke(RestFn.java:425)
	at riemann.bin$_main.invokeStatic(bin.clj:133)
	at riemann.bin$_main.invoke(bin.clj:128)
	at clojure.lang.Var.invoke(Var.java:381)
	at user$eval149.invokeStatic(form-init225869292802890984.clj:1)
	at user$eval149.invoke(form-init225869292802890984.clj:1)
	at clojure.lang.Compiler.eval(Compiler.java:7062)
	at clojure.lang.Compiler.eval(Compiler.java:7052)
	at clojure.lang.Compiler.load(Compiler.java:7514)
	at clojure.lang.Compiler.loadFile(Compiler.java:7452)
	at clojure.main$load_script.invokeStatic(main.clj:278)
	at clojure.main$init_opt.invokeStatic(main.clj:280)
	at clojure.main$init_opt.invoke(main.clj:280)
	at clojure.main$initialize.invokeStatic(main.clj:311)
	at clojure.main$null_opt.invokeStatic(main.clj:345)
	at clojure.main$null_opt.invoke(main.clj:342)
	at clojure.main$main.invokeStatic(main.clj:424)
	at clojure.main$main.doInvoke(main.clj:387)
	at clojure.lang.RestFn.applyTo(RestFn.java:137)
	at clojure.lang.Var.applyTo(Var.java:702)
	at clojure.main.main(main.java:37)
Caused by: java.io.FileNotFoundException: Could not locate cat/mew__init.class or cat/mew.clj on classpath.
	at clojure.lang.RT.load(RT.java:463)
	at clojure.lang.RT.load(RT.java:426)
	at clojure.core$load$fn__6548.invoke(core.clj:6046)
	at clojure.core$load.invokeStatic(core.clj:6045)
	at clojure.core$load.doInvoke(core.clj:6029)
	at clojure.lang.RestFn.invoke(RestFn.java:408)
	at clojure.core$load_one.invokeStatic(core.clj:5848)
	at clojure.core$load_one.invoke(core.clj:5843)
	at clojure.core$load_lib$fn__6493.invoke(core.clj:5888)
	at clojure.core$load_lib.invokeStatic(core.clj:5887)
	at clojure.core$load_lib.doInvoke(core.clj:5868)
	at clojure.lang.RestFn.applyTo(RestFn.java:142)
	at clojure.core$apply.invokeStatic(core.clj:659)
	at clojure.core$load_libs.invokeStatic(core.clj:5925)
	at clojure.core$load_libs.doInvoke(core.clj:5909)
	at clojure.lang.RestFn.applyTo(RestFn.java:137)
	at clojure.core$apply.invokeStatic(core.clj:659)
	at clojure.core$require.invokeStatic(core.clj:5947)
	at clojure.core$require.doInvoke(core.clj:5947)
	at clojure.lang.RestFn.invoke(RestFn.java:408)
	at riemann.config$eval7182.invokeStatic(riemann.config:19)
	at riemann.config$eval7182.invoke(riemann.config:19)
	at clojure.lang.Compiler.eval(Compiler.java:7062)
	at clojure.lang.Compiler.load(Compiler.java:7514)
	... 30 common frames omitted
